3 | 1 | 2
4 | 7 | 5
6 | 8 |  

Node('/(2, 2)', expanded=True, state=[['3', '1', '2'], ['4', '7', '5'], ['6', '8', ' ']])
|-- Node('/(2, 2)/(1, 2)', expanded=False, state=[['3', '1', '2'], ['4', '7', ' '], ['6', '8', '5']])
+-- Node('/(2, 2)/(2, 1)', expanded=False, state=[['3', '1', '2'], ['4', '7', '5'], ['6', ' ', '8']])

fringes :
	[Node('/(2, 2)/(1, 2)', expanded=False, state=[['3', '1', '2'], ['4', '7', ' '], ['6', '8', '5']]),
	Node('/(2, 2)/(2, 1)', expanded=False, state=[['3', '1', '2'], ['4', '7', '5'], ['6', ' ', '8']])]

End of turn 1
-----
3 | 1 | 2
4 | 7 | 5
6 |   | 8

Node('/(2, 2)', expanded=True, state=[['3', '1', '2'], ['4', '7', '5'], ['6', '8', ' ']])
|-- Node('/(2, 2)/(1, 2)', expanded=False, f=7, g=1, h=6, state=[['3', '1', '2'], ['4', '7', ' '], ['6', '8', '5']])
+-- Node('/(2, 2)/(2, 1)', expanded=True, f=5, g=1, h=4, state=[['3', '1', '2'], ['4', '7', '5'], ['6', ' ', '8']])
    |-- Node('/(2, 2)/(2, 1)/(1, 1)', expanded=False, f=5, g=2, h=3, state=[['3', '1', '2'], ['4', ' ', '5'], ['6', '7', '8']])
    +-- Node('/(2, 2)/(2, 1)/(2, 0)', expanded=False, f=7, g=2, h=5, state=[['3', '1', '2'], ['4', '7', '5'], [' ', '6', '8']])

fringes :
	[Node('/(2, 2)/(1, 2)', expanded=False, f=7, g=1, h=6, state=[['3', '1', '2'], ['4', '7', ' '], ['6', '8', '5']]),
	Node('/(2, 2)/(2, 1)/(1, 1)', expanded=False, f=5, g=2, h=3, state=[['3', '1', '2'], ['4', ' ', '5'], ['6', '7', '8']]),
	Node('/(2, 2)/(2, 1)/(2, 0)', expanded=False, f=7, g=2, h=5, state=[['3', '1', '2'], ['4', '7', '5'], [' ', '6', '8']])]

End of turn 2
-----
3 | 1 | 2
4 |   | 5
6 | 7 | 8

Node('/(2, 2)', expanded=True, state=[['3', '1', '2'], ['4', '7', '5'], ['6', '8', ' ']])
|-- Node('/(2, 2)/(1, 2)', expanded=False, f=7, g=1, h=6, state=[['3', '1', '2'], ['4', '7', ' '], ['6', '8', '5']])
+-- Node('/(2, 2)/(2, 1)', expanded=True, f=5, g=1, h=4, state=[['3', '1', '2'], ['4', '7', '5'], ['6', ' ', '8']])
    |-- Node('/(2, 2)/(2, 1)/(1, 1)', expanded=True, f=5, g=2, h=3, state=[['3', '1', '2'], ['4', ' ', '5'], ['6', '7', '8']])
    |   |-- Node('/(2, 2)/(2, 1)/(1, 1)/(0, 1)', expanded=False, f=7, g=3, h=4, state=[['3', ' ', '2'], ['4', '1', '5'], ['6', '7', '8']])
    |   |-- Node('/(2, 2)/(2, 1)/(1, 1)/(1, 0)', expanded=False, f=5, g=3, h=2, state=[['3', '1', '2'], [' ', '4', '5'], ['6', '7', '8']])
    |   |-- Node('/(2, 2)/(2, 1)/(1, 1)/(2, 1)', expanded=False, f=7, g=3, h=4, state=[['3', '1', '2'], ['4', '7', '5'], ['6', ' ', '8']])
    |   +-- Node('/(2, 2)/(2, 1)/(1, 1)/(1, 2)', expanded=False, f=7, g=3, h=4, state=[['3', '1', '2'], ['4', '5', ' '], ['6', '7', '8']])
    +-- Node('/(2, 2)/(2, 1)/(2, 0)', expanded=False, f=7, g=2, h=5, state=[['3', '1', '2'], ['4', '7', '5'], [' ', '6', '8']])

fringes :
	[Node('/(2, 2)/(1, 2)', expanded=False, f=7, g=1, h=6, state=[['3', '1', '2'], ['4', '7', ' '], ['6', '8', '5']]),
	Node('/(2, 2)/(2, 1)/(1, 1)/(0, 1)', expanded=False, f=7, g=3, h=4, state=[['3', ' ', '2'], ['4', '1', '5'], ['6', '7', '8']]),
	Node('/(2, 2)/(2, 1)/(1, 1)/(1, 0)', expanded=False, f=5, g=3, h=2, state=[['3', '1', '2'], [' ', '4', '5'], ['6', '7', '8']]),
	Node('/(2, 2)/(2, 1)/(1, 1)/(2, 1)', expanded=False, f=7, g=3, h=4, state=[['3', '1', '2'], ['4', '7', '5'], ['6', ' ', '8']]),
	Node('/(2, 2)/(2, 1)/(1, 1)/(1, 2)', expanded=False, f=7, g=3, h=4, state=[['3', '1', '2'], ['4', '5', ' '], ['6', '7', '8']]),
	Node('/(2, 2)/(2, 1)/(2, 0)', expanded=False, f=7, g=2, h=5, state=[['3', '1', '2'], ['4', '7', '5'], [' ', '6', '8']])]

End of turn 3
-----
3 | 1 | 2
  | 4 | 5
6 | 7 | 8

Node('/(2, 2)', expanded=True, state=[['3', '1', '2'], ['4', '7', '5'], ['6', '8', ' ']])
|-- Node('/(2, 2)/(1, 2)', expanded=False, f=7, g=1, h=6, state=[['3', '1', '2'], ['4', '7', ' '], ['6', '8', '5']])
+-- Node('/(2, 2)/(2, 1)', expanded=True, f=5, g=1, h=4, state=[['3', '1', '2'], ['4', '7', '5'], ['6', ' ', '8']])
    |-- Node('/(2, 2)/(2, 1)/(1, 1)', expanded=True, f=5, g=2, h=3, state=[['3', '1', '2'], ['4', ' ', '5'], ['6', '7', '8']])
    |   |-- Node('/(2, 2)/(2, 1)/(1, 1)/(0, 1)', expanded=False, f=7, g=3, h=4, state=[['3', ' ', '2'], ['4', '1', '5'], ['6', '7', '8']])
    |   |-- Node('/(2, 2)/(2, 1)/(1, 1)/(1, 0)', expanded=True, f=5, g=3, h=2, state=[['3', '1', '2'], [' ', '4', '5'], ['6', '7', '8']])
    |   |   |-- Node('/(2, 2)/(2, 1)/(1, 1)/(1, 0)/(0, 0)', expanded=False, f=4, g=4, h=0, state=[[' ', '1', '2'], ['3', '4', '5'], ['6', '7', '8']])
    |   |   +-- Node('/(2, 2)/(2, 1)/(1, 1)/(1, 0)/(2, 0)', expanded=False, f=7, g=4, h=3, state=[['3', '1', '2'], ['6', '4', '5'], [' ', '7', '8']])
    |   |-- Node('/(2, 2)/(2, 1)/(1, 1)/(2, 1)', expanded=False, f=7, g=3, h=4, state=[['3', '1', '2'], ['4', '7', '5'], ['6', ' ', '8']])
    |   +-- Node('/(2, 2)/(2, 1)/(1, 1)/(1, 2)', expanded=False, f=7, g=3, h=4, state=[['3', '1', '2'], ['4', '5', ' '], ['6', '7', '8']])
    +-- Node('/(2, 2)/(2, 1)/(2, 0)', expanded=False, f=7, g=2, h=5, state=[['3', '1', '2'], ['4', '7', '5'], [' ', '6', '8']])

fringes :
	[Node('/(2, 2)/(1, 2)', expanded=False, f=7, g=1, h=6, state=[['3', '1', '2'], ['4', '7', ' '], ['6', '8', '5']]),
	Node('/(2, 2)/(2, 1)/(1, 1)/(0, 1)', expanded=False, f=7, g=3, h=4, state=[['3', ' ', '2'], ['4', '1', '5'], ['6', '7', '8']]),
	Node('/(2, 2)/(2, 1)/(1, 1)/(1, 0)/(0, 0)', expanded=False, f=4, g=4, h=0, state=[[' ', '1', '2'], ['3', '4', '5'], ['6', '7', '8']]),
	Node('/(2, 2)/(2, 1)/(1, 1)/(1, 0)/(2, 0)', expanded=False, f=7, g=4, h=3, state=[['3', '1', '2'], ['6', '4', '5'], [' ', '7', '8']]),
	Node('/(2, 2)/(2, 1)/(1, 1)/(2, 1)', expanded=False, f=7, g=3, h=4, state=[['3', '1', '2'], ['4', '7', '5'], ['6', ' ', '8']]),
	Node('/(2, 2)/(2, 1)/(1, 1)/(1, 2)', expanded=False, f=7, g=3, h=4, state=[['3', '1', '2'], ['4', '5', ' '], ['6', '7', '8']]),
	Node('/(2, 2)/(2, 1)/(2, 0)', expanded=False, f=7, g=2, h=5, state=[['3', '1', '2'], ['4', '7', '5'], [' ', '6', '8']])]

End of turn 4
-----
  | 1 | 2
3 | 4 | 5
6 | 7 | 8

Node('/(2, 2)', expanded=True, state=[['3', '1', '2'], ['4', '7', '5'], ['6', '8', ' ']])
|-- Node('/(2, 2)/(1, 2)', expanded=False, f=7, g=1, h=6, state=[['3', '1', '2'], ['4', '7', ' '], ['6', '8', '5']])
+-- Node('/(2, 2)/(2, 1)', expanded=True, f=5, g=1, h=4, state=[['3', '1', '2'], ['4', '7', '5'], ['6', ' ', '8']])
    |-- Node('/(2, 2)/(2, 1)/(1, 1)', expanded=True, f=5, g=2, h=3, state=[['3', '1', '2'], ['4', ' ', '5'], ['6', '7', '8']])
    |   |-- Node('/(2, 2)/(2, 1)/(1, 1)/(0, 1)', expanded=False, f=7, g=3, h=4, state=[['3', ' ', '2'], ['4', '1', '5'], ['6', '7', '8']])
    |   |-- Node('/(2, 2)/(2, 1)/(1, 1)/(1, 0)', expanded=True, f=5, g=3, h=2, state=[['3', '1', '2'], [' ', '4', '5'], ['6', '7', '8']])
    |   |   |-- Node('/(2, 2)/(2, 1)/(1, 1)/(1, 0)/(0, 0)', expanded=True, f=4, g=4, h=0, state=[[' ', '1', '2'], ['3', '4', '5'], ['6', '7', '8']])
    |   |   |   +-- Node('/(2, 2)/(2, 1)/(1, 1)/(1, 0)/(0, 0)/(0, 1)', expanded=False, f=7, g=5, h=2, state=[['1', ' ', '2'], ['3', '4', '5'], ['6', '7', '8']])
    |   |   +-- Node('/(2, 2)/(2, 1)/(1, 1)/(1, 0)/(2, 0)', expanded=False, f=7, g=4, h=3, state=[['3', '1', '2'], ['6', '4', '5'], [' ', '7', '8']])
    |   |-- Node('/(2, 2)/(2, 1)/(1, 1)/(2, 1)', expanded=False, f=7, g=3, h=4, state=[['3', '1', '2'], ['4', '7', '5'], ['6', ' ', '8']])
    |   +-- Node('/(2, 2)/(2, 1)/(1, 1)/(1, 2)', expanded=False, f=7, g=3, h=4, state=[['3', '1', '2'], ['4', '5', ' '], ['6', '7', '8']])
    +-- Node('/(2, 2)/(2, 1)/(2, 0)', expanded=False, f=7, g=2, h=5, state=[['3', '1', '2'], ['4', '7', '5'], [' ', '6', '8']])

fringes :
	[Node('/(2, 2)/(1, 2)', expanded=False, f=7, g=1, h=6, state=[['3', '1', '2'], ['4', '7', ' '], ['6', '8', '5']]),
	Node('/(2, 2)/(2, 1)/(1, 1)/(0, 1)', expanded=False, f=7, g=3, h=4, state=[['3', ' ', '2'], ['4', '1', '5'], ['6', '7', '8']]),
	Node('/(2, 2)/(2, 1)/(1, 1)/(1, 0)/(0, 0)/(0, 1)', expanded=False, f=7, g=5, h=2, state=[['1', ' ', '2'], ['3', '4', '5'], ['6', '7', '8']]),
	Node('/(2, 2)/(2, 1)/(1, 1)/(1, 0)/(2, 0)', expanded=False, f=7, g=4, h=3, state=[['3', '1', '2'], ['6', '4', '5'], [' ', '7', '8']]),
	Node('/(2, 2)/(2, 1)/(1, 1)/(2, 1)', expanded=False, f=7, g=3, h=4, state=[['3', '1', '2'], ['4', '7', '5'], ['6', ' ', '8']]),
	Node('/(2, 2)/(2, 1)/(1, 1)/(1, 2)', expanded=False, f=7, g=3, h=4, state=[['3', '1', '2'], ['4', '5', ' '], ['6', '7', '8']]),
	Node('/(2, 2)/(2, 1)/(2, 0)', expanded=False, f=7, g=2, h=5, state=[['3', '1', '2'], ['4', '7', '5'], [' ', '6', '8']])]

End of turn 5
-----
['left', 'up', 'left', 'up']